<?xml version="1.0" encoding="UTF-8"?>
<!-- Generated by org.testng.reporters.JUnitReportReporter -->
<testsuite hostname="karima-hp" failures="0" tests="10" name="parallelTestingandinvocation.InvocationCount" time="0.023" errors="0" timestamp="2023-03-11T15:57:17 EST" skipped="0">
  <testcase classname="parallelTestingandinvocation.InvocationCount" name="test" time="0.001"/>
  <system-out/>
  <testcase classname="parallelTestingandinvocation.InvocationCount" name="test" time="0.012"/>
  <system-out/>
  <testcase classname="parallelTestingandinvocation.InvocationCount" name="test" time="0.001"/>
  <system-out/>
  <testcase classname="parallelTestingandinvocation.InvocationCount" name="test" time="0.001"/>
  <system-out/>
  <testcase classname="parallelTestingandinvocation.InvocationCount" name="test" time="0.002"/>
  <system-out/>
  <testcase classname="parallelTestingandinvocation.InvocationCount" name="test" time="0.001"/>
  <system-out/>
  <testcase classname="parallelTestingandinvocation.InvocationCount" name="test" time="0.001"/>
  <system-out/>
  <testcase classname="parallelTestingandinvocation.InvocationCount" name="test" time="0.001"/>
  <system-out/>
  <testcase classname="parallelTestingandinvocation.InvocationCount" name="test" time="0.002"/>
  <system-out/>
  <testcase classname="parallelTestingandinvocation.InvocationCount" name="test" time="0.001"/>
  <system-out/>
</testsuite> <!-- parallelTestingandinvocation.InvocationCount -->
