<?xml version="1.0" encoding="UTF-8"?>
<!-- Generated by org.testng.reporters.JUnitReportReporter -->
<testsuite hostname="karima-hp" failures="0" tests="4" name="parallelTestingandinvocation.ParamTesting" time="0.078" errors="0" timestamp="2023-03-11T21:14:21 EST" skipped="0">
  <testcase classname="parallelTestingandinvocation.ParamTesting" name="testLogo" time="0.035"/>
  <system-out/>
  <testcase classname="parallelTestingandinvocation.ParamTesting" name="testLogo" time="0.026"/>
  <system-out/>
  <testcase classname="parallelTestingandinvocation.ParamTesting" name="testHomePage" time="0.011"/>
  <system-out/>
  <testcase classname="parallelTestingandinvocation.ParamTesting" name="testHomePage" time="0.006"/>
  <system-out/>
</testsuite> <!-- parallelTestingandinvocation.ParamTesting -->
