<?xml version="1.0" encoding="UTF-8"?>
<!-- Generated by org.testng.reporters.JUnitReportReporter -->
<testsuite hostname="karima-hp" failures="0" tests="3" name="dataproviderandgrouping.Grouping" time="0.018" errors="0" timestamp="2023-03-11T14:46:35 EST" skipped="0">
  <testcase classname="dataproviderandgrouping.Grouping" name="loginByFacebook" time="0.016"/>
  <system-out/>
  <testcase classname="dataproviderandgrouping.Grouping" name="loginByTwitter" time="0.001"/>
  <system-out/>
  <testcase classname="dataproviderandgrouping.Grouping" name="payementinruppees" time="0.001"/>
  <system-out/>
</testsuite> <!-- dataproviderandgrouping.Grouping -->
