<?xml version="1.0" encoding="UTF-8"?>
<!-- Generated by org.testng.reporters.JUnitReportReporter -->
<testsuite hostname="karima-hp" failures="0" tests="1" name="mentoring_practice.Amazon" time="4.377" errors="0" timestamp="2023-03-08T23:16:43 EST" skipped="0">
  <testcase classname="mentoring_practice.Amazon" name="amazonTest" time="4.377"/>
  <system-out/>
</testsuite> <!-- mentoring_practice.Amazon -->
