<?xml version="1.0" encoding="UTF-8"?>
<!-- Generated by org.testng.reporters.JUnitReportReporter -->
<testsuite hostname="karima-hp" failures="0" tests="3" name="testng_annotation.Annotation2" time="0.005" errors="0" timestamp="2023-03-11T10:09:57 EST" skipped="0">
  <testcase classname="testng_annotation.Annotation2" name="logout" time="0.002"/>
  <system-out/>
  <testcase classname="testng_annotation.Annotation2" name="login" time="0.002"/>
  <system-out/>
  <testcase classname="testng_annotation.Annotation2" name="open" time="0.001"/>
  <system-out/>
</testsuite> <!-- testng_annotation.Annotation2 -->
