<?xml version="1.0" encoding="UTF-8"?>
<!-- Generated by org.testng.reporters.JUnitReportReporter -->
<testsuite hostname="karima-hp" failures="0" tests="3" name="testng_annotation.AnnotationFirst" time="0.023" errors="0" timestamp="2023-03-11T08:13:24 EST" skipped="0">
  <testcase classname="testng_annotation.AnnotationFirst" name="test1" time="0.018"/>
  <system-out/>
  <testcase classname="testng_annotation.AnnotationFirst" name="test3" time="0.003"/>
  <system-out/>
  <testcase classname="testng_annotation.AnnotationFirst" name="test2" time="0.002"/>
  <system-out/>
</testsuite> <!-- testng_annotation.AnnotationFirst -->
