<?xml version="1.0" encoding="UTF-8"?>
<!-- Generated by org.testng.reporters.JUnitReportReporter -->
<testsuite hostname="karima-hp" failures="0" tests="2" name="annotation_dependency_method_assertion.ClassTest1" time="0.009" errors="0" timestamp="2023-03-11T10:53:23 EST" skipped="0">
  <testcase classname="annotation_dependency_method_assertion.ClassTest1" name="xyz" time="0.007"/>
  <system-out/>
  <testcase classname="annotation_dependency_method_assertion.ClassTest1" name="xyz" time="0.002"/>
  <system-out/>
</testsuite> <!-- annotation_dependency_method_assertion.ClassTest1 -->
