<?xml version="1.0" encoding="UTF-8"?>
<!-- Generated by org.testng.reporters.JUnitReportReporter -->
<testsuite hostname="karima-hp" failures="0" tests="3" name="testng_annotation.Annotation3" time="0.016" errors="0" timestamp="2023-03-11T10:09:57 EST" skipped="0">
  <testcase classname="testng_annotation.Annotation3" name="test1" time="0.014"/>
  <system-out/>
  <testcase classname="testng_annotation.Annotation3" name="test3" time="0.001"/>
  <system-out/>
  <testcase classname="testng_annotation.Annotation3" name="test2" time="0.001"/>
  <system-out/>
</testsuite> <!-- testng_annotation.Annotation3 -->
