<?xml version="1.0" encoding="UTF-8"?>
<!-- Generated by org.testng.reporters.JUnitReportReporter -->
<testsuite hostname="karima-hp" failures="0" tests="2" name="annotation_dependency_method_assertion.Annotation_Demo" time="0.015" errors="0" timestamp="2023-03-11T10:34:20 EST" skipped="0">
  <testcase classname="annotation_dependency_method_assertion.Annotation_Demo" name="search" time="0.006"/>
  <system-out/>
  <testcase classname="annotation_dependency_method_assertion.Annotation_Demo" name="advancedSearch" time="0.009"/>
  <system-out/>
</testsuite> <!-- annotation_dependency_method_assertion.Annotation_Demo -->
