<?xml version="1.0" encoding="UTF-8"?>
<!-- Generated by org.testng.reporters.JUnitReportReporter -->
<testsuite hostname="karima-hp" failures="0" tests="9" name="dataproviderandgrouping.Grouping" time="0.030" errors="0" timestamp="2023-03-13T21:51:48 EDT" skipped="0">
  <testcase classname="dataproviderandgrouping.Grouping" name="loginByEmail" time="0.014"/>
  <system-out/>
  <testcase classname="dataproviderandgrouping.Grouping" name="loginByFacebook" time="0.002"/>
  <system-out/>
  <testcase classname="dataproviderandgrouping.Grouping" name="loginByTwitter" time="0.006"/>
  <system-out/>
  <testcase classname="dataproviderandgrouping.Grouping" name="Signupbyemail" time="0.002"/>
  <system-out/>
  <testcase classname="dataproviderandgrouping.Grouping" name="signupbyfacebook" time="0.002"/>
  <system-out/>
  <testcase classname="dataproviderandgrouping.Grouping" name="signupbytwitter" time="0.001"/>
  <system-out/>
  <testcase classname="dataproviderandgrouping.Grouping" name="payementindollar" time="0.001"/>
  <system-out/>
  <testcase classname="dataproviderandgrouping.Grouping" name="payementinruppees" time="0.001"/>
  <system-out/>
  <testcase classname="dataproviderandgrouping.Grouping" name="payementreturnbyBank" time="0.001"/>
  <system-out/>
</testsuite> <!-- dataproviderandgrouping.Grouping -->
